<?xml version="1.0" encoding="UTF-8"?>
<testng-results skipped="0" failed="0" total="1" passed="1">
  <reporter-output>
  </reporter-output>
  <suite name="Default suite" duration-ms="60946" started-at="2016-08-02T05:15:37Z" finished-at="2016-08-02T05:16:38Z">
    <groups>
    </groups>
    <test name="Default test" duration-ms="60946" started-at="2016-08-02T05:15:37Z" finished-at="2016-08-02T05:16:38Z">
      <class name="com.stocktests.Testngsuppliercreation">
        <test-method status="PASS" signature="stockacc_Launch()[pri:0, instance:com.stocktests.Testngsuppliercreation@d5b614]" name="stockacc_Launch" is-config="true" duration-ms="16245" started-at="2016-08-02T10:45:21Z" finished-at="2016-08-02T10:45:37Z">
          <reporter-output>
          </reporter-output>
        </test-method> <!-- stockacc_Launch -->
        <test-method status="PASS" signature="stockAcc_Login()[pri:0, instance:com.stocktests.Testngsuppliercreation@d5b614]" name="stockAcc_Login" is-config="true" duration-ms="2407" started-at="2016-08-02T10:45:37Z" finished-at="2016-08-02T10:45:39Z">
          <reporter-output>
          </reporter-output>
        </test-method> <!-- stockAcc_Login -->
        <test-method status="PASS" signature="stockAcc_Suppcre()[pri:0, instance:com.stocktests.Testngsuppliercreation@d5b614]" name="stockAcc_Suppcre" duration-ms="17136" started-at="2016-08-02T10:45:39Z" finished-at="2016-08-02T10:45:56Z">
          <reporter-output>
          </reporter-output>
        </test-method> <!-- stockAcc_Suppcre -->
        <test-method status="FAIL" signature="stockacc_logout()[pri:0, instance:com.stocktests.Testngsuppliercreation@d5b614]" name="stockacc_logout" is-config="true" duration-ms="0" started-at="2016-08-02T10:45:56Z" finished-at="2016-08-02T10:45:56Z">
          <exception class="org.openqa.selenium.ElementNotVisibleException">
            <message>
              <![CDATA[Element is not currently visible and so may not be interacted with
Command duration or timeout: 40.11 seconds
Build info: version: '2.53.1', revision: 'a36b8b1', time: '2016-06-30 17:37:03'
System info: host: 'QE14140111041', ip: '192.168.1.49', os.name: 'Windows 7', os.arch: 'x86', os.version: '6.1', java.version: '1.7.0_79'
Session ID: 7d0bb75e-3a7c-4a24-9127-78ced77691bc
Driver info: org.openqa.selenium.firefox.FirefoxDriver
Capabilities [{platform=WINDOWS, acceptSslCerts=true, javascriptEnabled=true, cssSelectorsEnabled=true, databaseEnabled=true, browserName=firefox, handlesAlerts=true, nativeEvents=false, webStorageEnabled=true, rotatable=false, locationContextEnabled=true, applicationCacheEnabled=true, takesScreenshot=true, version=35.0}]]]>
            </message>
            <full-stacktrace>
              <![CDATA[org.openqa.selenium.ElementNotVisibleException: Element is not currently visible and so may not be interacted with
Command duration or timeout: 40.11 seconds
Build info: version: '2.53.1', revision: 'a36b8b1', time: '2016-06-30 17:37:03'
System info: host: 'QE14140111041', ip: '192.168.1.49', os.name: 'Windows 7', os.arch: 'x86', os.version: '6.1', java.version: '1.7.0_79'
Session ID: 7d0bb75e-3a7c-4a24-9127-78ced77691bc
Driver info: org.openqa.selenium.firefox.FirefoxDriver
Capabilities [{platform=WINDOWS, acceptSslCerts=true, javascriptEnabled=true, cssSelectorsEnabled=true, databaseEnabled=true, browserName=firefox, handlesAlerts=true, nativeEvents=false, webStorageEnabled=true, rotatable=false, locationContextEnabled=true, applicationCacheEnabled=true, takesScreenshot=true, version=35.0}]
	at sun.reflect.NativeConstructorAccessorImpl.newInstance0(Native Method)
	at sun.reflect.NativeConstructorAccessorImpl.newInstance(Unknown Source)
	at sun.reflect.DelegatingConstructorAccessorImpl.newInstance(Unknown Source)
	at java.lang.reflect.Constructor.newInstance(Unknown Source)
	at org.openqa.selenium.remote.ErrorHandler.createThrowable(ErrorHandler.java:206)
	at org.openqa.selenium.remote.ErrorHandler.throwIfResponseFailed(ErrorHandler.java:158)
	at org.openqa.selenium.remote.RemoteWebDriver.execute(RemoteWebDriver.java:678)
	at org.openqa.selenium.remote.RemoteWebElement.execute(RemoteWebElement.java:327)
	at org.openqa.selenium.remote.RemoteWebElement.click(RemoteWebElement.java:85)
	at com.stockmaster.Testngmaster.stockacc_logout(Testngmaster.java:86)
	at sun.reflect.NativeMethodAccessorImpl.invoke0(Native Method)
	at sun.reflect.NativeMethodAccessorImpl.invoke(Unknown Source)
	at sun.reflect.DelegatingMethodAccessorImpl.invoke(Unknown Source)
	at java.lang.reflect.Method.invoke(Unknown Source)
	at org.testng.internal.MethodInvocationHelper.invokeMethod(MethodInvocationHelper.java:85)
	at org.testng.internal.Invoker.invokeConfigurationMethod(Invoker.java:510)
	at org.testng.internal.Invoker.invokeConfigurations(Invoker.java:211)
	at org.testng.internal.Invoker.invokeConfigurations(Invoker.java:138)
	at org.testng.TestRunner.afterRun(TestRunner.java:1023)
	at org.testng.TestRunner.run(TestRunner.java:628)
	at org.testng.SuiteRunner.runTest(SuiteRunner.java:359)
	at org.testng.SuiteRunner.runSequentially(SuiteRunner.java:354)
	at org.testng.SuiteRunner.privateRun(SuiteRunner.java:312)
	at org.testng.SuiteRunner.run(SuiteRunner.java:261)
	at org.testng.SuiteRunnerWorker.runSuite(SuiteRunnerWorker.java:52)
	at org.testng.SuiteRunnerWorker.run(SuiteRunnerWorker.java:86)
	at org.testng.TestNG.runSuitesSequentially(TestNG.java:1215)
	at org.testng.TestNG.runSuitesLocally(TestNG.java:1140)
	at org.testng.TestNG.run(TestNG.java:1048)
	at org.testng.remote.AbstractRemoteTestNG.run(AbstractRemoteTestNG.java:126)
	at org.testng.remote.RemoteTestNG.initAndRun(RemoteTestNG.java:152)
	at org.testng.remote.RemoteTestNG.main(RemoteTestNG.java:57)
Caused by: org.openqa.selenium.ElementNotVisibleException: Element is not currently visible and so may not be interacted with
Build info: version: '2.53.1', revision: 'a36b8b1', time: '2016-06-30 17:37:03'
System info: host: 'QE14140111041', ip: '192.168.1.49', os.name: 'Windows 7', os.arch: 'x86', os.version: '6.1', java.version: '1.7.0_79'
Driver info: driver.version: unknown
	at <anonymous class>.fxdriver.preconditions.visible(file:///C:/Users/RAJASH~1.G/AppData/Local/Temp/anonymous9121456052738174496webdriver-profile/extensions/fxdriver@googlecode.com/components/command-processor.js:10092)
	at <anonymous class>.DelayedCommand.prototype.checkPreconditions_(file:///C:/Users/RAJASH~1.G/AppData/Local/Temp/anonymous9121456052738174496webdriver-profile/extensions/fxdriver@googlecode.com/components/command-processor.js:12644)
	at <anonymous class>.DelayedCommand.prototype.executeInternal_/h(file:///C:/Users/RAJASH~1.G/AppData/Local/Temp/anonymous9121456052738174496webdriver-profile/extensions/fxdriver@googlecode.com/components/command-processor.js:12661)
	at <anonymous class>.fxdriver.Timer.prototype.setTimeout/<.notify(file:///C:/Users/RAJASH~1.G/AppData/Local/Temp/anonymous9121456052738174496webdriver-profile/extensions/fxdriver@googlecode.com/components/command-processor.js:625)
]]>
            </full-stacktrace>
          </exception> <!-- org.openqa.selenium.ElementNotVisibleException -->
          <reporter-output>
          </reporter-output>
        </test-method> <!-- stockacc_logout -->
        <test-method status="SKIP" signature="stockAcc_Close()[pri:0, instance:com.stocktests.Testngsuppliercreation@d5b614]" name="stockAcc_Close" is-config="true" duration-ms="0" started-at="2016-08-02T10:46:38Z" finished-at="2016-08-02T10:46:38Z">
          <reporter-output>
          </reporter-output>
        </test-method> <!-- stockAcc_Close -->
      </class> <!-- com.stocktests.Testngsuppliercreation -->
    </test> <!-- Default test -->
  </suite> <!-- Default suite -->
</testng-results>
